1550558438035	geckodriver	INFO	geckodriver 0.20.1
1550558438050	geckodriver	INFO	Listening on 127.0.0.1:49374
1550558434599	mozrunner::runner	INFO	Running command: "C:\\Program Files\\Mozilla Firefox\\firefox.exe" "-marionette" "-profile" "C:\\Users\\ADMINI~1\\AppData\\Local\\Temp\\rust_mozprofile.0ShpqPhKapwy"
1550558437210	Marionette	INFO	Listening on port 49359
1550558437825	Marionette	WARN	TLS certificate errors will be ignored for this session

###!!! [Child][MessageChannel] Error: (msgtype=0x4D0016,name=PLayerTransaction::Msg_ClearCachedResources) Channel error: cannot send/recv


###!!! [Child][MessageChannel] Error: (msgtype=0x7C0003,name=PTexture::Msg_Destroy) Channel error: cannot send/recv


###!!! [Child][MessageChannel] Error: (msgtype=0x4D0007,name=PLayerTransaction::Msg_ReleaseCompositable) Channel error: cannot send/recv


###!!! [Child][MessageChannel] Error: (msgtype=0x4D0006,name=PLayerTransaction::Msg_ReleaseLayer) Channel error: cannot send/recv


###!!! [Child][MessageChannel] Error: (msgtype=0x4D0006,name=PLayerTransaction::Msg_ReleaseLayer) Channel error: cannot send/recv


###!!! [Child][MessageChannel] Error: (msgtype=0x4D0006,name=PLayerTransaction::Msg_ReleaseLayer) Channel error: cannot send/recv


###!!! [Child][MessageChannel] Error: (msgtype=0x4D001F,name=PLayerTransaction::Msg_Shutdown) Channel error: cannot send/recv


###!!! [Child][MessageChannel::SendAndWait] Error: (msgtype=0x280016,name=PCompositorBridge::Msg_WillClose) Channel error: cannot send/recv

ld/src/ipc/chromium/src/chrome/common/ipc_channel_win.cc, line 346
Unable to read VR Path Registry from C:\Users\Administrator\AppData\Local\openvr\openvrpaths.vrpath
[Parent 9148, Gecko_IOThread] WARNING: file z:/build/build/src/ipc/chromium/src/base/process_util_win.cc, line 188
*** UTM:SVC TimerManager:registerTimer called after profile-before-change notification. Ignoring timer registration for id: telemetry_modules_ping

###!!! [Child][MessageChannel::SendAndWait] Error: Channel error: cannot send/recv

rTimer called after profile-before-change notification. Ignoring timer registration for id: telemetry_modules_ping
Unable to read VR Path Registry from C:\Users\Administrator\AppData\Local\openvr\openvrpaths.vrpath
[GPU 556, Chrome_ChildThread] WARNING: pipe error: 109: file z:/build/build/src/ipc/chromium/src/chrome/common/ipc_channel_win.cc, line 346

###!!! [Child][MessageChannel::SendAndWait] Error: Channel error: cannot send/recv

paths.vrpath
[GPU 8024, Chrome_ChildThread] WARNING: pipe error: 109: file z:/build/build/src/ipc/chromium/src/chrome/common/ipc_channel_win.cc, line 346

###!!! [Child][MessageChannel::SendAndWait] Error: Channel error: cannot send/recv

channel_win.cc, line 346

###!!! [Child][MessageChannel::SendAndWait] Error: Channel error: cannot send/recv

e 346
[Child 7596, Chrome_ChildThread] WARNING: pipe error: 109: file z:/build/build/src/ipc/chromium/src/chrome/common/ipc_channel_win.cc, line 346
*** UTM:SVC TimerManager:registerTimer called after profile-before-change notification. Ignoring timer registration for id: telemetry_modules_ping
Unable to read VR Path Registry from C:\Users\Administrator\AppData\Local\openvr\openvrpaths.vrpath
[GPU 7968, Chrome_ChildThread] WARNING: pipe error: 109: file z:/build/build/src/ipc/chromium/src/chrome/common/ipc_channel_win.cc, line 346

###!!! [Child][MessageChannel::SendAndWait] Error: Channel error: cannot send/recv

::SendAndWait] Error: Channel error: cannot send/recv

